Build started 2/5/2013 1:06:04 PM.
     1>Project "C:\Users\Adriana\Documents\Visual Studio 2012\Projects\arrayToFile\arrayToFile\arrayToFile.vcxproj" on node 2 (Build target(s)).
     1>ClCompile:
         C:\Program Files (x86)\Microsoft Visual Studio 11.0\VC\bin\CL.exe /c /ZI /nologo /W3 /WX- /Od /Oy- /D WIN32 /D _DEBUG /D _CONSOLE /D _UNICODE /D UNICODE /Gm /EHsc /RTC1 /MDd /GS /fp:precise /Zc:wchar_t /Zc:forScope /Fo"Debug\\" /Fd"Debug\vc110.pdb" /Gd /TP /analyze- /errorReport:prompt arrayToFile.cpp
         arrayToFile.cpp
     1>c:\users\adriana\documents\visual studio 2012\projects\arraytofile\arraytofile\arraytofile.cpp(37): error C2601: 'main' : local function definitions are illegal
                 c:\users\adriana\documents\visual studio 2012\projects\arraytofile\arraytofile\arraytofile.cpp(25): this line contains a '{' which has not yet been matched
     1>c:\users\adriana\documents\visual studio 2012\projects\arraytofile\arraytofile\arraytofile.cpp(57): fatal error C1075: end of file found before the left brace '{' at 'c:\users\adriana\documents\visual studio 2012\projects\arraytofile\arraytofile\arraytofile.cpp(25)' was matched
     1>Done Building Project "C:\Users\Adriana\Documents\Visual Studio 2012\Projects\arrayToFile\arrayToFile\arrayToFile.vcxproj" (Build target(s)) -- FAILED.

Build FAILED.

Time Elapsed 00:00:00.71
