Build started 2/26/2013 1:23:38 PM.
     1>Project "C:\Users\Adriana\Documents\Visual Studio 2012\Projects\calcInt\calcInt\calcInt.vcxproj" on node 2 (Build target(s)).
     1>Link:
         C:\Program Files (x86)\Microsoft Visual Studio 11.0\VC\bin\link.exe /ERRORREPORT:PROMPT /OUT:"C:\Users\Adriana\Documents\Visual Studio 2012\Projects\calcInt\Debug\calcInt.exe" /INCREMENTAL /NOLOGO kernel32.lib user32.lib gdi32.lib winspool.lib comdlg32.lib advapi32.lib shell32.lib ole32.lib oleaut32.lib uuid.lib odbc32.lib odbccp32.lib /MANIFEST /MANIFESTUAC:"level='asInvoker' uiAccess='false'" /manifest:embed /DEBUG /PDB:"C:\Users\Adriana\Documents\Visual Studio 2012\Projects\calcInt\Debug\calcInt.pdb" /SUBSYSTEM:CONSOLE /TLBID:1 /DYNAMICBASE /NXCOMPAT /IMPLIB:"C:\Users\Adriana\Documents\Visual Studio 2012\Projects\calcInt\Debug\calcInt.lib" /MACHINE:X86 Debug\main.obj
     1>main.obj : error LNK2019: unresolved external symbol "public: __thiscall Account::Account(void)" (??0Account@@QAE@XZ) referenced in function _main
     1>C:\Users\Adriana\Documents\Visual Studio 2012\Projects\calcInt\Debug\calcInt.exe : fatal error LNK1120: 1 unresolved externals
     1>Done Building Project "C:\Users\Adriana\Documents\Visual Studio 2012\Projects\calcInt\calcInt\calcInt.vcxproj" (Build target(s)) -- FAILED.

Build FAILED.

Time Elapsed 00:00:00.43
